  Building Custom Rule C:/Users/ALEX957867/Desktop/d_tools/Zaitsev-Alexander-lab3/modules/ermakov_pavel_tringle_params/src/CMakeLists.txt
  ermakov_pavel_tringle_params.cpp
C:\Users\ALEX957867\Desktop\d_tools\Zaitsev-Alexander-lab3\modules\ermakov_pavel_tringle_params\src\ermakov_pavel_tringle_params.cpp(57,15): warning C4244: инициализация: преобразование "double" в "float", возможна потеря данных
C:\Users\ALEX957867\Desktop\d_tools\Zaitsev-Alexander-lab3\modules\ermakov_pavel_tringle_params\src\ermakov_pavel_tringle_params.cpp(70,15): warning C4244: инициализация: преобразование "double" в "float", возможна потеря данных
C:\Program Files (x86)\Microsoft Visual Studio\2019\Community\VC\Tools\MSVC\14.28.29333\include\utility(190,16): warning C4244: инициализация: преобразование "_Ty" в "_Ty1", возможна потеря данных
          with
          [
              _Ty=int
          ]
          and
          [
              _Ty1=float
          ]
C:\Users\ALEX957867\Desktop\d_tools\Zaitsev-Alexander-lab3\modules\ermakov_pavel_tringle_params\src\ermakov_pavel_tringle_params.cpp(8): message : выполняется компиляция ссылки на экземпляр шаблон функции "std::pair<float,float>::pair<int,int,0>(_Other1 &&,_Other2 &&) noexcept"
          with
          [
              _Other1=int,
              _Other2=int
          ]
C:\Users\ALEX957867\Desktop\d_tools\Zaitsev-Alexander-lab3\modules\ermakov_pavel_tringle_params\src\ermakov_pavel_tringle_params.cpp(8): message : выполняется компиляция ссылки на экземпляр шаблон функции "std::pair<float,float>::pair<int,int,0>(_Other1 &&,_Other2 &&) noexcept"
          with
          [
              _Other1=int,
              _Other2=int
          ]
C:\Program Files (x86)\Microsoft Visual Studio\2019\Community\VC\Tools\MSVC\14.28.29333\include\utility(190,1): warning C4244: инициализация: преобразование "_Ty" в "_Ty2", возможна потеря данных
          with
          [
              _Ty=int
          ]
          and
          [
              _Ty2=float
          ]
  triangle_app.cpp
C:\Users\ALEX957867\Desktop\d_tools\Zaitsev-Alexander-lab3\modules\ermakov_pavel_tringle_params\src\triangle_app.cpp(27,68): warning C4244: аргумент: преобразование "int" в "float", возможна потеря данных
  Создание кода...
  lib_ermakov_pavel_tringle_params.vcxproj -> C:\Users\ALEX957867\Desktop\d_tools\Zaitsev-Alexander-lab3\build\lib\ermakov_pavel_tringle_params.lib
